\BOOKMARK [0][-]{chapter.1}{Introdu\347\343o}{}% 1
\BOOKMARK [1][-]{subsection.1.0.1}{Refer\352ncias bibliogr\341ficas}{chapter.1}% 2
\BOOKMARK [0][-]{chapter.2}{GPU \(Graphics Processing Unit\)}{}% 3
\BOOKMARK [1][-]{section.2.1}{Historia das GPUs}{chapter.2}% 4
\BOOKMARK [1][-]{section.2.2}{Desempenho}{chapter.2}% 5
\BOOKMARK [2][-]{subsection.2.2.1}{Clock}{section.2.2}% 6
\BOOKMARK [2][-]{subsection.2.2.2}{Shaders}{section.2.2}% 7
\BOOKMARK [2][-]{subsection.2.2.3}{TMU}{section.2.2}% 8
\BOOKMARK [2][-]{subsection.2.2.4}{ROP}{section.2.2}% 9
\BOOKMARK [2][-]{subsection.2.2.5}{Controlador de memoria RAM}{section.2.2}% 10
\BOOKMARK [2][-]{subsection.2.2.6}{Interface}{section.2.2}% 11
\BOOKMARK [0][-]{chapter.3}{CPU \(Central Processing Unit\)}{}% 12
\BOOKMARK [1][-]{section.3.1}{Hist\363ria dos Processadores}{chapter.3}% 13
\BOOKMARK [2][-]{subsection.3.1.1}{Gera\347\343o Pr\351-x86}{section.3.1}% 14
\BOOKMARK [2][-]{subsection.3.1.2}{Processadores de 32 bits}{section.3.1}% 15
\BOOKMARK [2][-]{subsection.3.1.3}{A luta entre Intel e AMD}{section.3.1}% 16
\BOOKMARK [2][-]{subsection.3.1.4}{A lei de Moore}{section.3.1}% 17
\BOOKMARK [2][-]{subsection.3.1.5}{Multicore}{section.3.1}% 18
\BOOKMARK [2][-]{subsection.3.1.6}{Era 64 bits}{section.3.1}% 19
\BOOKMARK [2][-]{subsection.3.1.7}{Blackfin}{section.3.1}% 20
\BOOKMARK [2][-]{subsection.3.1.8}{Intel Core}{section.3.1}% 21
\BOOKMARK [0][-]{chapter.4}{Degrada\347\343o da Performance do Hardware}{}% 22
\BOOKMARK [1][-]{section.4.1}{Partes Mec\342nicas}{chapter.4}% 23
\BOOKMARK [1][-]{section.4.2}{Componentes que Degradam por Rea\347\365es Qu\355micas e Magn\351ticas}{chapter.4}% 24
\BOOKMARK [1][-]{section.4.3}{Resto dos Componentes}{chapter.4}% 25
\BOOKMARK [2][-]{subsection.4.3.1}{Metodologia}{section.4.3}% 26
\BOOKMARK [2][-]{subsection.4.3.2}{Resultados}{section.4.3}% 27
\BOOKMARK [2][-]{subsection.4.3.3}{An\341lise dos Resultados}{section.4.3}% 28
\BOOKMARK [0][-]{chapter.5}{Conclus\343o}{}% 29
